create the 0th thread
create the 1th thread
create the 2th thread
create the 3th thread
create the 4th thread
create the 5th thread
create the 6th thread
create the 7th thread
got 1 http line: GET /blog/js/pace.min.js HTTP/1.1
got 1 http line: Host: www.jinyj.xyz
got 1 http line: User-Agent: Mozilla/5.0 (Windows NT 10.0; Win64; x64; rv:109.0) Gecko/20100101 Firefox/111.0
got 1 http line: Accept: */*
got 1 http line: Accept-Language: zh-CN,zh;q=0.8,zh-TW;q=0.7,zh-HK;q=0.5,en-US;q=0.3,en;q=0.2
got 1 http line: Accept-Encoding: gzip, deflate
got 1 http line: Connection: keep-alive
got 1 http line: Referer: http://www.jinyj.xyz/blog/login.html
got 1 http line: 
close 9
got 1 http line: GET /blog/login.html HTTP/1.1
got 1 http line: Host: www.jinyj.xyz
got 1 http line: User-Agent: Mozilla/5.0 (Windows NT 10.0; Win64; x64; rv:109.0) Gecko/20100101 Firefox/111.0
got 1 http line: Accept: text/html,application/xhtml+xml,application/xml;q=0.9,image/avif,image/webp,*/*;q=0.8
got 1 http line: Accept-Language: zh-CN,zh;q=0.8,zh-TW;q=0.7,zh-HK;q=0.5,en-US;q=0.3,en;q=0.2
got 1 http line: Accept-Encoding: gzip, deflate
got 1 http line: Connection: keep-alive
got 1 http line: Upgrade-Insecure-Requests: 1
got 1 http line: 
got 1 http line: POST /blog/login.html HTTP/1.1
got 1 http line: Host: www.jinyj.xyz
got 1 http line: User-Agent: Mozilla/5.0 (Windows NT 10.0; Win64; x64; rv:109.0) Gecko/20100101 Firefox/111.0
got 1 http line: Accept: text/html,application/xhtml+xml,application/xml;q=0.9,image/avif,image/webp,*/*;q=0.8
got 1 http line: Accept-Language: zh-CN,zh;q=0.8,zh-TW;q=0.7,zh-HK;q=0.5,en-US;q=0.3,en;q=0.2
got 1 http line: Accept-Encoding: gzip, deflate
got 1 http line: Content-Type: application/x-www-form-urlencoded
got 1 http line: Content-Length: 38
got 1 http line: Origin: http://www.jinyj.xyz
got 1 http line: Connection: keep-alive
got 1 http line: Referer: http://www.jinyj.xyz/blog/login.html
got 1 http line: Upgrade-Insecure-Requests: 1
got 1 http line: 
got 1 http line: type=Signin&email=1%40q.com&password=1
type=Signin&email=1%40q.com&password=1
select password from user where email="1%40q.com";
query success
number of dataline returned: 1
  password	
got 1 http line: GET /blog/img.jpg HTTP/1.1
got 1 http line: Host: www.jinyj.xyz
got 1 http line: User-Agent: Mozilla/5.0 (Windows NT 10.0; Win64; x64; rv:109.0) Gecko/20100101 Firefox/111.0
got 1 http line: Accept: image/avif,image/webp,*/*
got 1 http line: Accept-Language: zh-CN,zh;q=0.8,zh-TW;q=0.7,zh-HK;q=0.5,en-US;q=0.3,en;q=0.2
got 1 http line: Accept-Encoding: gzip, deflate
got 1 http line: Connection: keep-alive
got 1 http line: Referer: http://www.jinyj.xyz/blog/login.html
got 1 http line: 
resource not exist
got 1 http line: GET /blog/login.html HTTP/1.1
got 1 http line: Host: www.jinyj.xyz
got 1 http line: Connection: keep-alive
got 1 http line: Upgrade-Insecure-Requests: 1
got 1 http line: User-Agent: Mozilla/5.0 (Windows NT 10.0; Win64; x64) AppleWebKit/537.36 (KHTML, like Gecko) Chrome/112.0.0.0 Safari/537.36
got 1 http line: Accept: text/html,application/xhtml+xml,application/xml;q=0.9,image/avif,image/webp,image/apng,*/*;q=0.8,application/signed-exchange;v=b3;q=0.7
got 1 http line: Accept-Encoding: gzip, deflate
got 1 http line: Accept-Language: zh-CN,zh;q=0.9
got 1 http line: 
got 1 http line: GET /favicon.ico HTTP/1.1
got 1 http line: Host: www.jinyj.xyz
got 1 http line: Connection: keep-alive
got 1 http line: User-Agent: Mozilla/5.0 (Windows NT 10.0; Win64; x64) AppleWebKit/537.36 (KHTML, like Gecko) Chrome/112.0.0.0 Safari/537.36
got 1 http line: Accept: image/avif,image/webp,image/apng,image/svg+xml,image/*,*/*;q=0.8
got 1 http line: Referer: http://www.jinyj.xyz/blog/login.html
got 1 http line: Accept-Encoding: gzip, deflate
got 1 http line: Accept-Language: zh-CN,zh;q=0.9
got 1 http line: 
got 1 http line: POST /blog/login.html HTTP/1.1
got 1 http line: Host: www.jinyj.xyz
got 1 http line: Connection: keep-alive
got 1 http line: Content-Length: 38
got 1 http line: Cache-Control: max-age=0
got 1 http line: Upgrade-Insecure-Requests: 1
got 1 http line: Origin: http://www.jinyj.xyz
got 1 http line: Content-Type: application/x-www-form-urlencoded
got 1 http line: User-Agent: Mozilla/5.0 (Windows NT 10.0; Win64; x64) AppleWebKit/537.36 (KHTML, like Gecko) Chrome/112.0.0.0 Safari/537.36
got 1 http line: Accept: text/html,application/xhtml+xml,application/xml;q=0.9,image/avif,image/webp,image/apng,*/*;q=0.8,application/signed-exchange;v=b3;q=0.7
got 1 http line: Referer: http://www.jinyj.xyz/blog/login.html
got 1 http line: Accept-Encoding: gzip, deflate
got 1 http line: Accept-Language: zh-CN,zh;q=0.9
got 1 http line: 
got 1 http line: type=Signin&email=1%40q.com&password=1
type=Signin&email=1%40q.com&password=1
select password from user where email="1%40q.com";
query success
number of dataline returned: 1
  password	
got 1 http line: GET /blog/img.jpg HTTP/1.1
got 1 http line: Host: www.jinyj.xyz
got 1 http line: Connection: keep-alive
got 1 http line: User-Agent: Mozilla/5.0 (Windows NT 10.0; Win64; x64) AppleWebKit/537.36 (KHTML, like Gecko) Chrome/112.0.0.0 Safari/537.36
got 1 http line: Accept: image/avif,image/webp,image/apng,image/svg+xml,image/*,*/*;q=0.8
got 1 http line: Referer: http://www.jinyj.xyz/blog/login.html
got 1 http line: Accept-Encoding: gzip, deflate
got 1 http line: Accept-Language: zh-CN,zh;q=0.9
got 1 http line: 
resource not exist
got 1 http line: GET / HTTP/1.1
got 1 http line: Host: www.jinyj.xyz
got 1 http line: User-Agent: Mozilla/5.0 (iPhone; CPU iPhone OS 13_2_3 like Mac OS X) AppleWebKit/605.1.15 (KHTML, like Gecko) Version/13.0.3 Mobile/15E148 Safari/604.1
got 1 http line: Accept-Language: zh-CN,zh;q=0.9,en-US;q=0.8,en;q=0.7
got 1 http line: Accept-Encoding: gzip
got 1 http line: Connection: close
got 1 http line: 
close 10
got 1 http line: GET /blog/login.html HTTP/1.1
got 1 http line: Host: www.jinyj.xyz
got 1 http line: Connection: keep-alive
got 1 http line: Upgrade-Insecure-Requests: 1
got 1 http line: User-Agent: Mozilla/5.0 (Windows NT 10.0; Win64; x64) AppleWebKit/537.36 (KHTML, like Gecko) Chrome/112.0.0.0 Safari/537.36
got 1 http line: Accept: text/html,application/xhtml+xml,application/xml;q=0.9,image/avif,image/webp,image/apng,*/*;q=0.8,application/signed-exchange;v=b3;q=0.7
got 1 http line: Accept-Encoding: gzip, deflate
got 1 http line: Accept-Language: zh-CN,zh;q=0.9
got 1 http line: 
got 1 http line: POST /blog/login.html HTTP/1.1
got 1 http line: Host: www.jinyj.xyz
got 1 http line: Connection: keep-alive
got 1 http line: Content-Length: 38
got 1 http line: Cache-Control: max-age=0
got 1 http line: Upgrade-Insecure-Requests: 1
got 1 http line: Origin: http://www.jinyj.xyz
got 1 http line: Content-Type: application/x-www-form-urlencoded
got 1 http line: User-Agent: Mozilla/5.0 (Windows NT 10.0; Win64; x64) AppleWebKit/537.36 (KHTML, like Gecko) Chrome/112.0.0.0 Safari/537.36
got 1 http line: Accept: text/html,application/xhtml+xml,application/xml;q=0.9,image/avif,image/webp,image/apng,*/*;q=0.8,application/signed-exchange;v=b3;q=0.7
got 1 http line: Referer: http://www.jinyj.xyz/blog/login.html
got 1 http line: Accept-Encoding: gzip, deflate
got 1 http line: Accept-Language: zh-CN,zh;q=0.9
got 1 http line: 
got 1 http line: type=Signin&email=1%40q.com&password=1
type=Signin&email=1%40q.com&password=1
select password from user where email="1%40q.com";
query success
number of dataline returned: 1
  password	
got 1 http line: GET /blog/img.jpg HTTP/1.1
got 1 http line: Host: www.jinyj.xyz
got 1 http line: Connection: keep-alive
got 1 http line: User-Agent: Mozilla/5.0 (Windows NT 10.0; Win64; x64) AppleWebKit/537.36 (KHTML, like Gecko) Chrome/112.0.0.0 Safari/537.36
got 1 http line: Accept: image/avif,image/webp,image/apng,image/svg+xml,image/*,*/*;q=0.8
got 1 http line: Referer: http://www.jinyj.xyz/blog/login.html
got 1 http line: Accept-Encoding: gzip, deflate
got 1 http line: Accept-Language: zh-CN,zh;q=0.9
got 1 http line: 
resource not exist
got 1 http line: POST /blog/login.html HTTP/1.1
got 1 http line: Host: www.jinyj.xyz
got 1 http line: User-Agent: Mozilla/5.0 (Windows NT 10.0; Win64; x64; rv:109.0) Gecko/20100101 Firefox/111.0
got 1 http line: Accept: text/html,application/xhtml+xml,application/xml;q=0.9,image/avif,image/webp,*/*;q=0.8
got 1 http line: Accept-Language: zh-CN,zh;q=0.8,zh-TW;q=0.7,zh-HK;q=0.5,en-US;q=0.3,en;q=0.2
got 1 http line: Accept-Encoding: gzip, deflate
got 1 http line: Referer: http://www.jinyj.xyz/blog/login.html
got 1 http line: Content-Type: application/x-www-form-urlencoded
got 1 http line: Content-Length: 38
got 1 http line: Origin: http://www.jinyj.xyz
got 1 http line: Connection: keep-alive
got 1 http line: Upgrade-Insecure-Requests: 1
got 1 http line: 
got 1 http line: type=Signin&email=1%40q.com&password=1
type=Signin&email=1%40q.com&password=1
select password from user where email="1%40q.com";
query success
number of dataline returned: 1
  password	
got 1 http line: GET /blog/img.jpg HTTP/1.1
got 1 http line: Host: www.jinyj.xyz
got 1 http line: User-Agent: Mozilla/5.0 (Windows NT 10.0; Win64; x64; rv:109.0) Gecko/20100101 Firefox/111.0
got 1 http line: Accept: image/avif,image/webp,*/*
got 1 http line: Accept-Language: zh-CN,zh;q=0.8,zh-TW;q=0.7,zh-HK;q=0.5,en-US;q=0.3,en;q=0.2
got 1 http line: Accept-Encoding: gzip, deflate
got 1 http line: Connection: keep-alive
got 1 http line: Referer: http://www.jinyj.xyz/blog/login.html
got 1 http line: 
resource not exist
close 8for timeout
close 9for timeout
close 9for timeout
close 10for timeout
got 1 http line: GET /blog/index.html HTTP/1.1
got 1 http line: Host: www.jinyj.xyz
got 1 http line: Connection: keep-alive
got 1 http line: Upgrade-Insecure-Requests: 1
got 1 http line: User-Agent: Mozilla/5.0 (Windows NT 10.0; Win64; x64) AppleWebKit/537.36 (KHTML, like Gecko) Chrome/112.0.0.0 Safari/537.36
got 1 http line: Accept: text/html,application/xhtml+xml,application/xml;q=0.9,image/avif,image/webp,image/apng,*/*;q=0.8,application/signed-exchange;v=b3;q=0.7
got 1 http line: Accept-Encoding: gzip, deflate
got 1 http line: Accept-Language: zh-CN,zh;q=0.9
got 1 http line: 
got 1 http line: GET /blog/css/bootstrap.min.css HTTP/1.1
got 1 http line: Host: www.jinyj.xyz
got 1 http line: Connection: keep-alive
got 1 http line: User-Agent: Mozilla/5.0 (Windows NT 10.0; Win64; x64) AppleWebKit/537.36 (KHTML, like Gecko) Chrome/112.0.0.0 Safari/537.36
got 1 http line: Accept: text/css,*/*;q=0.1
got 1 http line: Referer: http://www.jinyj.xyz/blog/index.html
got 1 http line: Accept-Encoding: gzip, deflate
got 1 http line: Accept-Language: zh-CN,zh;q=0.9
got 1 http line: 
got 1 http line: GET /blog/css/pace.css HTTP/1.1
got 1 http line: Host: www.jinyj.xyz
got 1 http line: Connection: keep-alive
got 1 http line: User-Agent: Mozilla/5.0 (Windows NT 10.0; Win64; x64) AppleWebKit/537.36 (KHTML, like Gecko) Chrome/112.0.0.0 Safari/537.36
got 1 http line: Accept: text/css,*/*;q=0.1
got 1 http line: Referer: http://www.jinyj.xyz/blog/index.html
got 1 http line: Accept-Encoding: gzip, deflate
got 1 http line: Accept-Language: zh-CN,zh;q=0.9
got 1 http line: 
got 1 http line: GET /blog/css/custom.css HTTP/1.1
got 1 http line: Host: www.jinyj.xyz
got 1 http line: Connection: keep-alive
got 1 http line: User-Agent: Mozilla/5.0 (Windows NT 10.0; Win64; x64) AppleWebKit/537.36 (KHTML, like Gecko) Chrome/112.0.0.0 Safari/537.36
got 1 http line: Accept: text/css,*/*;q=0.1
got 1 http line: Referer: http://www.jinyj.xyz/blog/index.html
got 1 http line: Accept-Encoding: gzip, deflate
got 1 http line: Accept-Language: zh-CN,zh;q=0.9
got 1 http line: 
got 1 http line: GET /blog/js/jquery-2.1.3.min.js HTTP/1.1
got 1 http line: Host: www.jinyj.xyz
got 1 http line: Connection: keep-alive
got 1 http line: User-Agent: Mozilla/5.0 (Windows NT 10.0; Win64; x64) AppleWebKit/537.36 (KHTML, like Gecko) Chrome/112.0.0.0 Safari/537.36
got 1 http line: Accept: */*
got 1 http line: Referer: http://www.jinyj.xyz/blog/index.html
got 1 http line: Accept-Encoding: gzip, deflate
got 1 http line: Accept-Language: zh-CN,zh;q=0.9
got 1 http line: 
got 1 http line: GET /blog/js/bootstrap.min.js HTTP/1.1
got 1 http line: Host: www.jinyj.xyz
got 1 http line: Connection: keep-alive
got 1 http line: User-Agent: Mozilla/5.0 (Windows NT 10.0; Win64; x64) AppleWebKit/537.36 (KHTML, like Gecko) Chrome/112.0.0.0 Safari/537.36
got 1 http line: Accept: */*
got 1 http line: Referer: http://www.jinyj.xyz/blog/index.html
got 1 http line: Accept-Encoding: gzip, deflate
got 1 http line: Accept-Language: zh-CN,zh;q=0.9
got 1 http line: 
got 1 http line: GET /blog/js/pace.min.js HTTP/1.1
got 1 http line: Host: www.jinyj.xyz
got 1 http line: Connection: keep-alive
got 1 http line: User-Agent: Mozilla/5.0 (Windows NT 10.0; Win64; x64) AppleWebKit/537.36 (KHTML, like Gecko) Chrome/112.0.0.0 Safari/537.36
got 1 http line: Accept: */*
got 1 http line: Referer: http://www.jinyj.xyz/blog/index.html
got 1 http line: Accept-Encoding: gzip, deflate
got 1 http line: Accept-Language: zh-CN,zh;q=0.9
got 1 http line: 
got 1 http line: GET /blog/js/modernizr.custom.js HTTP/1.1
got 1 http line: Host: www.jinyj.xyz
got 1 http line: Connection: keep-alive
got 1 http line: User-Agent: Mozilla/5.0 (Windows NT 10.0; Win64; x64) AppleWebKit/537.36 (KHTML, like Gecko) Chrome/112.0.0.0 Safari/537.36
got 1 http line: Accept: */*
got 1 http line: Referer: http://www.jinyj.xyz/blog/index.html
got 1 http line: Accept-Encoding: gzip, deflate
got 1 http line: Accept-Language: zh-CN,zh;q=0.9
got 1 http line: 
got 1 http line: GET /blog/js/script.js HTTP/1.1
got 1 http line: Host: www.jinyj.xyz
got 1 http line: Connection: keep-alive
got 1 http line: User-Agent: Mozilla/5.0 (Windows NT 10.0; Win64; x64) AppleWebKit/537.36 (KHTML, like Gecko) Chrome/112.0.0.0 Safari/537.36
got 1 http line: Accept: */*
got 1 http line: Referer: http://www.jinyj.xyz/blog/index.html
got 1 http line: Accept-Encoding: gzip, deflate
got 1 http line: Accept-Language: zh-CN,zh;q=0.9
got 1 http line: 
got 1 http line: GET /index.html HTTP/1.1
got 1 http line: Host: www.jinyj.xyz
got 1 http line: Connection: keep-alive
got 1 http line: Upgrade-Insecure-Requests: 1
got 1 http line: User-Agent: Mozilla/5.0 (Windows NT 10.0; Win64; x64) AppleWebKit/537.36 (KHTML, like Gecko) Chrome/112.0.0.0 Safari/537.36
got 1 http line: Accept: text/html,application/xhtml+xml,application/xml;q=0.9,image/avif,image/webp,image/apng,*/*;q=0.8,application/signed-exchange;v=b3;q=0.7
got 1 http line: Accept-Encoding: gzip, deflate
got 1 http line: Accept-Language: zh-CN,zh;q=0.9
got 1 http line: 
got 1 http line: GET /img.jpg HTTP/1.1
got 1 http line: Host: www.jinyj.xyz
got 1 http line: Connection: keep-alive
got 1 http line: User-Agent: Mozilla/5.0 (Windows NT 10.0; Win64; x64) AppleWebKit/537.36 (KHTML, like Gecko) Chrome/112.0.0.0 Safari/537.36
got 1 http line: Accept: image/avif,image/webp,image/apng,image/svg+xml,image/*,*/*;q=0.8
got 1 http line: Referer: http://www.jinyj.xyz/index.html
got 1 http line: Accept-Encoding: gzip, deflate
got 1 http line: Accept-Language: zh-CN,zh;q=0.9
got 1 http line: 
got 1 http line: GET /blog/login.html HTTP/1.1
got 1 http line: Host: www.jinyj.xyz
got 1 http line: Connection: keep-alive
got 1 http line: Upgrade-Insecure-Requests: 1
got 1 http line: User-Agent: Mozilla/5.0 (Windows NT 10.0; Win64; x64) AppleWebKit/537.36 (KHTML, like Gecko) Chrome/112.0.0.0 Safari/537.36
got 1 http line: Accept: text/html,application/xhtml+xml,application/xml;q=0.9,image/avif,image/webp,image/apng,*/*;q=0.8,application/signed-exchange;v=b3;q=0.7
got 1 http line: Accept-Encoding: gzip, deflate
got 1 http line: Accept-Language: zh-CN,zh;q=0.9
got 1 http line: 
close 12
got 1 http line: POST /blog/login.html HTTP/1.1
got 1 http line: Host: www.jinyj.xyz
got 1 http line: Connection: keep-alive
got 1 http line: Content-Length: 38
got 1 http line: Cache-Control: max-age=0
got 1 http line: Upgrade-Insecure-Requests: 1
got 1 http line: Origin: http://www.jinyj.xyz
got 1 http line: Content-Type: application/x-www-form-urlencoded
got 1 http line: User-Agent: Mozilla/5.0 (Windows NT 10.0; Win64; x64) AppleWebKit/537.36 (KHTML, like Gecko) Chrome/112.0.0.0 Safari/537.36
got 1 http line: Accept: text/html,application/xhtml+xml,application/xml;q=0.9,image/avif,image/webp,image/apng,*/*;q=0.8,application/signed-exchange;v=b3;q=0.7
got 1 http line: Referer: http://www.jinyj.xyz/blog/login.html
got 1 http line: Accept-Encoding: gzip, deflate
got 1 http line: Accept-Language: zh-CN,zh;q=0.9
got 1 http line: 
got 1 http line: type=Signin&email=1%40q.com&password=1
type=Signin&email=1%40q.com&password=1
select password from user where email="1%40q.com";
query success
number of dataline returned: 1
  password	
got 1 http line: GET /blog/img.jpg HTTP/1.1
got 1 http line: Host: www.jinyj.xyz
got 1 http line: Connection: keep-alive
got 1 http line: User-Agent: Mozilla/5.0 (Windows NT 10.0; Win64; x64) AppleWebKit/537.36 (KHTML, like Gecko) Chrome/112.0.0.0 Safari/537.36
got 1 http line: Accept: image/avif,image/webp,image/apng,image/svg+xml,image/*,*/*;q=0.8
got 1 http line: Referer: http://www.jinyj.xyz/blog/login.html
got 1 http line: Accept-Encoding: gzip, deflate
got 1 http line: Accept-Language: zh-CN,zh;q=0.9
got 1 http line: 
resource not exist
got 1 http line: GET /blog/login.html HTTP/1.1
got 1 http line: Host: www.jinyj.xyz
got 1 http line: Connection: keep-alive
got 1 http line: Upgrade-Insecure-Requests: 1
got 1 http line: User-Agent: Mozilla/5.0 (Windows NT 10.0; Win64; x64) AppleWebKit/537.36 (KHTML, like Gecko) Chrome/112.0.0.0 Safari/537.36
got 1 http line: Accept: text/html,application/xhtml+xml,application/xml;q=0.9,image/avif,image/webp,image/apng,*/*;q=0.8,application/signed-exchange;v=b3;q=0.7
got 1 http line: Accept-Encoding: gzip, deflate
got 1 http line: Accept-Language: zh-CN,zh;q=0.9
got 1 http line: 
got 1 http line: POST /blog/login.html HTTP/1.1
got 1 http line: Host: www.jinyj.xyz
got 1 http line: Connection: keep-alive
got 1 http line: Content-Length: 55
got 1 http line: Cache-Control: max-age=0
got 1 http line: Upgrade-Insecure-Requests: 1
got 1 http line: Origin: http://www.jinyj.xyz
got 1 http line: Content-Type: application/x-www-form-urlencoded
got 1 http line: User-Agent: Mozilla/5.0 (Windows NT 10.0; Win64; x64) AppleWebKit/537.36 (KHTML, like Gecko) Chrome/112.0.0.0 Safari/537.36
got 1 http line: Accept: text/html,application/xhtml+xml,application/xml;q=0.9,image/avif,image/webp,image/apng,*/*;q=0.8,application/signed-exchange;v=b3;q=0.7
got 1 http line: Referer: http://www.jinyj.xyz/blog/login.html
got 1 http line: Accept-Encoding: gzip, deflate
got 1 http line: Accept-Language: zh-CN,zh;q=0.9
got 1 http line: 
got 1 http line: type=Signin&email=1967817061%40qq.com&password=abcd1234
type=Signin&email=1967817061%40qq.com&password=abcd1234
select password from user where email="1967817061%40qq.com";
query success
number of dataline returned: 1
  password	
got 1 http line: GET /blog/img.jpg HTTP/1.1
got 1 http line: Host: www.jinyj.xyz
got 1 http line: Connection: keep-alive
got 1 http line: User-Agent: Mozilla/5.0 (Windows NT 10.0; Win64; x64) AppleWebKit/537.36 (KHTML, like Gecko) Chrome/112.0.0.0 Safari/537.36
got 1 http line: Accept: image/avif,image/webp,image/apng,image/svg+xml,image/*,*/*;q=0.8
got 1 http line: Referer: http://www.jinyj.xyz/blog/login.html
got 1 http line: Accept-Encoding: gzip, deflate
got 1 http line: Accept-Language: zh-CN,zh;q=0.9
got 1 http line: 
resource not exist
got 1 http line: GET /blog/img.jpg HTTP/1.1
got 1 http line: Host: www.jinyj.xyz
got 1 http line: Connection: keep-alive
got 1 http line: Pragma: no-cache
got 1 http line: Cache-Control: no-cache
got 1 http line: User-Agent: Mozilla/5.0 (Windows NT 10.0; Win64; x64) AppleWebKit/537.36 (KHTML, like Gecko) Chrome/112.0.0.0 Safari/537.36
got 1 http line: Accept: image/avif,image/webp,image/apng,image/svg+xml,image/*,*/*;q=0.8
got 1 http line: Referer: http://www.jinyj.xyz/blog/login.html
got 1 http line: Accept-Encoding: gzip, deflate
got 1 http line: Accept-Language: zh-CN,zh;q=0.9
got 1 http line: 
resource not exist
got 1 http line: GET /blog/img.jpg HTTP/1.1
got 1 http line: Host: www.jinyj.xyz
got 1 http line: Connection: keep-alive
got 1 http line: Pragma: no-cache
got 1 http line: Cache-Control: no-cache
got 1 http line: User-Agent: Mozilla/5.0 (Windows NT 10.0; Win64; x64) AppleWebKit/537.36 (KHTML, like Gecko) Chrome/112.0.0.0 Safari/537.36
got 1 http line: Accept: image/avif,image/webp,image/apng,image/svg+xml,image/*,*/*;q=0.8
got 1 http line: Referer: http://www.jinyj.xyz/blog/login.html
got 1 http line: Accept-Encoding: gzip, deflate
got 1 http line: Accept-Language: zh-CN,zh;q=0.9
got 1 http line: 
resource not exist
close 8for timeout
close 9for timeout
close 13for timeout
close 12for timeout
close 11for timeout
close 10for timeout
got 1 http line: GET /blog/login.html HTTP/1.1
got 1 http line: Host: www.jinyj.xyz
got 1 http line: Connection: keep-alive
got 1 http line: Upgrade-Insecure-Requests: 1
got 1 http line: User-Agent: Mozilla/5.0 (Windows NT 10.0; Win64; x64) AppleWebKit/537.36 (KHTML, like Gecko) Chrome/112.0.0.0 Safari/537.36
got 1 http line: Accept: text/html,application/xhtml+xml,application/xml;q=0.9,image/avif,image/webp,image/apng,*/*;q=0.8,application/signed-exchange;v=b3;q=0.7
got 1 http line: Accept-Encoding: gzip, deflate
got 1 http line: Accept-Language: zh-CN,zh;q=0.9
got 1 http line: 
close 12for timeout
close 8for timeout
got 1 http line: GET /blog/login.html HTTP/1.1
got 1 http line: Host: 121.41.46.247
got 1 http line: Connection: keep-alive
got 1 http line: Upgrade-Insecure-Requests: 1
got 1 http line: User-Agent: Mozilla/5.0 (Windows NT 10.0; Win64; x64) AppleWebKit/537.36 (KHTML, like Gecko) Chrome/112.0.0.0 Safari/537.36
got 1 http line: Accept: text/html,application/xhtml+xml,application/xml;q=0.9,image/avif,image/webp,image/apng,*/*;q=0.8,application/signed-exchange;v=b3;q=0.7
got 1 http line: Accept-Encoding: gzip, deflate
got 1 http line: Accept-Language: zh-CN,zh;q=0.9
got 1 http line: 
close 9
close 9
got 1 http line: GET /blog/login.html HTTP/1.1
got 1 http line: Host: www.jinyj.xyz
got 1 http line: User-Agent: Mozilla/5.0 (Windows NT 10.0; Win64; x64; rv:109.0) Gecko/20100101 Firefox/111.0
got 1 http line: Accept: text/html,application/xhtml+xml,application/xml;q=0.9,image/avif,image/webp,*/*;q=0.8
got 1 http line: Accept-Language: zh-CN,zh;q=0.8,zh-TW;q=0.7,zh-HK;q=0.5,en-US;q=0.3,en;q=0.2
got 1 http line: Accept-Encoding: gzip, deflate
got 1 http line: Connection: keep-alive
got 1 http line: Upgrade-Insecure-Requests: 1
got 1 http line: 
close 8for timeout
close 9for timeout
close 9for timeout
close 9for timeout
